<?xml version="1.0" encoding="UTF-8" ?>
<testsuites>
  <testsuite errors="0" failures="0" hostname="PC-Xoan" id="0" name="MetaControllerTests" package="estrelas" tests="1" time="0.155" timestamp="2013-09-03T17:11:32">
      <properties />

      <testcase classname="estrelas.MetaControllerTests" name="testSomething" time="0.102" />

      <system-out><![CDATA[--Output from testSomething--
]]></system-out>

      <system-err><![CDATA[--Output from testSomething--
]]></system-err>

  </testsuite>
  <testsuite errors="0" failures="0" hostname="PC-Xoan" id="1" name="MetaTests" package="estrelas" tests="1" time="0.11" timestamp="2013-09-03T17:11:33">
      <properties />

      <testcase classname="estrelas.MetaTests" name="testSomething" time="0.036" />

      <system-out><![CDATA[--Output from testSomething--
]]></system-out>

      <system-err><![CDATA[--Output from testSomething--
]]></system-err>

  </testsuite>
  <testsuite errors="0" failures="0" hostname="PC-Xoan" id="2" name="UserControllerTests" package="estrelas" tests="1" time="0.153" timestamp="2013-09-03T17:11:33">
      <properties />

      <testcase classname="estrelas.UserControllerTests" name="testSomething" time="0.096" />

      <system-out><![CDATA[--Output from testSomething--
]]></system-out>

      <system-err><![CDATA[--Output from testSomething--
]]></system-err>

  </testsuite>
  <testsuite errors="0" failures="0" hostname="PC-Xoan" id="3" name="UserTests" package="estrelas" tests="1" time="0.036" timestamp="2013-09-03T17:11:33">
      <properties />

      <testcase classname="estrelas.UserTests" name="testSomething" time="0.035" />

      <system-out><![CDATA[--Output from testSomething--
]]></system-out>

      <system-err><![CDATA[--Output from testSomething--
]]></system-err>

  </testsuite>
</testsuites>
