<?xml version="1.0" encoding="UTF-8" ?>
<testsuites>
  <testsuite errors="0" failures="0" hostname="Mountain" id="0" name="MetaControllerTests" package="estrelas" tests="1" time="0.13" timestamp="2013-09-03T12:16:16">
      <properties />

      <testcase classname="estrelas.MetaControllerTests" name="testSomething" time="0.127" />

      <system-out><![CDATA[--Output from testSomething--
]]></system-out>

      <system-err><![CDATA[--Output from testSomething--
]]></system-err>

  </testsuite>
</testsuites>
